2015/05/12 07:35:40 [error] [php] date(): It is not safe to rely on the system's timezone settings. You are *required* to use the date.timezone setting or the date_default_timezone_set() function. In case you used any of those methods and you are still getting this warning, you most likely misspelled the timezone identifier. We selected the timezone 'UTC' for now, but please set date.timezone to select your timezone. (/Users/Qmore/webroot/yii1/fzjxc/protected/views/layouts/main.php:51)
Stack trace:
#0 /Users/Qmore/webroot/yii1/framework/web/CBaseController.php(95): SiteController->renderInternal()
#1 /Users/Qmore/webroot/yii1/framework/web/widgets/CContentDecorator.php(76): SiteController->renderFile()
#2 /Users/Qmore/webroot/yii1/framework/web/widgets/CContentDecorator.php(54): CContentDecorator->decorate()
#3 /Users/Qmore/webroot/yii1/framework/web/widgets/COutputProcessor.php(44): CContentDecorator->processOutput()
#4 /Users/Qmore/webroot/yii1/framework/web/CBaseController.php(214): CContentDecorator->run()
#5 /Users/Qmore/webroot/yii1/framework/web/CBaseController.php(308): SiteController->endWidget()
#6 /Users/Qmore/webroot/yii1/fzjxc/protected/views/layouts/column1.php(6): SiteController->endContent()
#7 /Users/Qmore/webroot/yii1/framework/web/CBaseController.php(126): require()
#8 /Users/Qmore/webroot/yii1/framework/web/CBaseController.php(95): SiteController->renderInternal()
#9 /Users/Qmore/webroot/yii1/framework/web/CController.php(784): SiteController->renderFile()
#10 /Users/Qmore/webroot/yii1/fzjxc/protected/controllers/SiteController.php(32): SiteController->render()
#11 /Users/Qmore/webroot/yii1/framework/web/actions/CInlineAction.php(49): SiteController->actionIndex()
#12 /Users/Qmore/webroot/yii1/framework/web/CController.php(308): CInlineAction->runWithParams()
#13 /Users/Qmore/webroot/yii1/framework/web/CController.php(286): SiteController->runAction()
#14 /Users/Qmore/webroot/yii1/framework/web/CController.php(265): SiteController->runActionWithFilters()
#15 /Users/Qmore/webroot/yii1/framework/web/CWebApplication.php(282): SiteController->run()
#16 /Users/Qmore/webroot/yii1/framework/web/CWebApplication.php(141): CWebApplication->runController()
#17 /Users/Qmore/webroot/yii1/framework/base/CApplication.php(184): CWebApplication->processRequest()
#18 /Users/Qmore/webroot/yii1/fzjxc/index.php(13): CWebApplication->run()
REQUEST_URI=/yii1/fzjxc/
in /Users/Qmore/webroot/yii1/fzjxc/protected/views/layouts/main.php (51)
in /Users/Qmore/webroot/yii1/fzjxc/protected/views/layouts/column1.php (6)
in /Users/Qmore/webroot/yii1/fzjxc/protected/controllers/SiteController.php (32)
2015/05/12 07:35:42 [error] [php] date(): It is not safe to rely on the system's timezone settings. You are *required* to use the date.timezone setting or the date_default_timezone_set() function. In case you used any of those methods and you are still getting this warning, you most likely misspelled the timezone identifier. We selected the timezone 'UTC' for now, but please set date.timezone to select your timezone. (/Users/Qmore/webroot/yii1/fzjxc/protected/views/layouts/main.php:51)
Stack trace:
#0 /Users/Qmore/webroot/yii1/framework/web/CBaseController.php(95): SiteController->renderInternal()
#1 /Users/Qmore/webroot/yii1/framework/web/widgets/CContentDecorator.php(76): SiteController->renderFile()
#2 /Users/Qmore/webroot/yii1/framework/web/widgets/CContentDecorator.php(54): CContentDecorator->decorate()
#3 /Users/Qmore/webroot/yii1/framework/web/widgets/COutputProcessor.php(44): CContentDecorator->processOutput()
#4 /Users/Qmore/webroot/yii1/framework/web/CBaseController.php(214): CContentDecorator->run()
#5 /Users/Qmore/webroot/yii1/framework/web/CBaseController.php(308): SiteController->endWidget()
#6 /Users/Qmore/webroot/yii1/fzjxc/protected/views/layouts/column1.php(6): SiteController->endContent()
#7 /Users/Qmore/webroot/yii1/framework/web/CBaseController.php(126): require()
#8 /Users/Qmore/webroot/yii1/framework/web/CBaseController.php(95): SiteController->renderInternal()
#9 /Users/Qmore/webroot/yii1/framework/web/CController.php(784): SiteController->renderFile()
#10 /Users/Qmore/webroot/yii1/fzjxc/protected/controllers/SiteController.php(32): SiteController->render()
#11 /Users/Qmore/webroot/yii1/framework/web/actions/CInlineAction.php(49): SiteController->actionIndex()
#12 /Users/Qmore/webroot/yii1/framework/web/CController.php(308): CInlineAction->runWithParams()
#13 /Users/Qmore/webroot/yii1/framework/web/CController.php(286): SiteController->runAction()
#14 /Users/Qmore/webroot/yii1/framework/web/CController.php(265): SiteController->runActionWithFilters()
#15 /Users/Qmore/webroot/yii1/framework/web/CWebApplication.php(282): SiteController->run()
#16 /Users/Qmore/webroot/yii1/framework/web/CWebApplication.php(141): CWebApplication->runController()
#17 /Users/Qmore/webroot/yii1/framework/base/CApplication.php(184): CWebApplication->processRequest()
#18 /Users/Qmore/webroot/yii1/fzjxc/index.php(13): CWebApplication->run()
REQUEST_URI=/yii1/fzjxc/index.php?r=site/index
in /Users/Qmore/webroot/yii1/fzjxc/protected/views/layouts/main.php (51)
in /Users/Qmore/webroot/yii1/fzjxc/protected/views/layouts/column1.php (6)
in /Users/Qmore/webroot/yii1/fzjxc/protected/controllers/SiteController.php (32)
2015/05/12 07:36:02 [error] [php] date(): It is not safe to rely on the system's timezone settings. You are *required* to use the date.timezone setting or the date_default_timezone_set() function. In case you used any of those methods and you are still getting this warning, you most likely misspelled the timezone identifier. We selected the timezone 'UTC' for now, but please set date.timezone to select your timezone. (/Users/Qmore/webroot/yii1/fzjxc/protected/views/layouts/main.php:51)
Stack trace:
#0 /Users/Qmore/webroot/yii1/framework/web/CBaseController.php(95): SiteController->renderInternal()
#1 /Users/Qmore/webroot/yii1/framework/web/widgets/CContentDecorator.php(76): SiteController->renderFile()
#2 /Users/Qmore/webroot/yii1/framework/web/widgets/CContentDecorator.php(54): CContentDecorator->decorate()
#3 /Users/Qmore/webroot/yii1/framework/web/widgets/COutputProcessor.php(44): CContentDecorator->processOutput()
#4 /Users/Qmore/webroot/yii1/framework/web/CBaseController.php(214): CContentDecorator->run()
#5 /Users/Qmore/webroot/yii1/framework/web/CBaseController.php(308): SiteController->endWidget()
#6 /Users/Qmore/webroot/yii1/fzjxc/protected/views/layouts/column1.php(6): SiteController->endContent()
#7 /Users/Qmore/webroot/yii1/framework/web/CBaseController.php(126): require()
#8 /Users/Qmore/webroot/yii1/framework/web/CBaseController.php(95): SiteController->renderInternal()
#9 /Users/Qmore/webroot/yii1/framework/web/CController.php(784): SiteController->renderFile()
#10 /Users/Qmore/webroot/yii1/framework/web/actions/CViewAction.php(140): SiteController->render()
#11 /Users/Qmore/webroot/yii1/framework/web/actions/CAction.php(76): CViewAction->run()
#12 /Users/Qmore/webroot/yii1/framework/web/CController.php(308): CViewAction->runWithParams()
#13 /Users/Qmore/webroot/yii1/framework/web/CController.php(286): SiteController->runAction()
#14 /Users/Qmore/webroot/yii1/framework/web/CController.php(265): SiteController->runActionWithFilters()
#15 /Users/Qmore/webroot/yii1/framework/web/CWebApplication.php(282): SiteController->run()
#16 /Users/Qmore/webroot/yii1/framework/web/CWebApplication.php(141): CWebApplication->runController()
#17 /Users/Qmore/webroot/yii1/framework/base/CApplication.php(184): CWebApplication->processRequest()
#18 /Users/Qmore/webroot/yii1/fzjxc/index.php(13): CWebApplication->run()
REQUEST_URI=/yii1/fzjxc/index.php?r=site/page&view=about
in /Users/Qmore/webroot/yii1/fzjxc/protected/views/layouts/main.php (51)
in /Users/Qmore/webroot/yii1/fzjxc/protected/views/layouts/column1.php (6)
in /Users/Qmore/webroot/yii1/fzjxc/index.php (13)
2015/05/12 07:36:03 [error] [php] date(): It is not safe to rely on the system's timezone settings. You are *required* to use the date.timezone setting or the date_default_timezone_set() function. In case you used any of those methods and you are still getting this warning, you most likely misspelled the timezone identifier. We selected the timezone 'UTC' for now, but please set date.timezone to select your timezone. (/Users/Qmore/webroot/yii1/fzjxc/protected/views/layouts/main.php:51)
Stack trace:
#0 /Users/Qmore/webroot/yii1/framework/web/CBaseController.php(95): SiteController->renderInternal()
#1 /Users/Qmore/webroot/yii1/framework/web/widgets/CContentDecorator.php(76): SiteController->renderFile()
#2 /Users/Qmore/webroot/yii1/framework/web/widgets/CContentDecorator.php(54): CContentDecorator->decorate()
#3 /Users/Qmore/webroot/yii1/framework/web/widgets/COutputProcessor.php(44): CContentDecorator->processOutput()
#4 /Users/Qmore/webroot/yii1/framework/web/CBaseController.php(214): CContentDecorator->run()
#5 /Users/Qmore/webroot/yii1/framework/web/CBaseController.php(308): SiteController->endWidget()
#6 /Users/Qmore/webroot/yii1/fzjxc/protected/views/layouts/column1.php(6): SiteController->endContent()
#7 /Users/Qmore/webroot/yii1/framework/web/CBaseController.php(126): require()
#8 /Users/Qmore/webroot/yii1/framework/web/CBaseController.php(95): SiteController->renderInternal()
#9 /Users/Qmore/webroot/yii1/framework/web/CController.php(784): SiteController->renderFile()
#10 /Users/Qmore/webroot/yii1/fzjxc/protected/controllers/SiteController.php(72): SiteController->render()
#11 /Users/Qmore/webroot/yii1/framework/web/actions/CInlineAction.php(49): SiteController->actionContact()
#12 /Users/Qmore/webroot/yii1/framework/web/CController.php(308): CInlineAction->runWithParams()
#13 /Users/Qmore/webroot/yii1/framework/web/CController.php(286): SiteController->runAction()
#14 /Users/Qmore/webroot/yii1/framework/web/CController.php(265): SiteController->runActionWithFilters()
#15 /Users/Qmore/webroot/yii1/framework/web/CWebApplication.php(282): SiteController->run()
#16 /Users/Qmore/webroot/yii1/framework/web/CWebApplication.php(141): CWebApplication->runController()
#17 /Users/Qmore/webroot/yii1/framework/base/CApplication.php(184): CWebApplication->processRequest()
#18 /Users/Qmore/webroot/yii1/fzjxc/index.php(13): CWebApplication->run()
REQUEST_URI=/yii1/fzjxc/index.php?r=site/contact
in /Users/Qmore/webroot/yii1/fzjxc/protected/views/layouts/main.php (51)
in /Users/Qmore/webroot/yii1/fzjxc/protected/views/layouts/column1.php (6)
in /Users/Qmore/webroot/yii1/fzjxc/protected/controllers/SiteController.php (72)
2015/05/12 07:36:04 [error] [php] date(): It is not safe to rely on the system's timezone settings. You are *required* to use the date.timezone setting or the date_default_timezone_set() function. In case you used any of those methods and you are still getting this warning, you most likely misspelled the timezone identifier. We selected the timezone 'UTC' for now, but please set date.timezone to select your timezone. (/Users/Qmore/webroot/yii1/fzjxc/protected/views/layouts/main.php:51)
Stack trace:
#0 /Users/Qmore/webroot/yii1/framework/web/CBaseController.php(95): SiteController->renderInternal()
#1 /Users/Qmore/webroot/yii1/framework/web/widgets/CContentDecorator.php(76): SiteController->renderFile()
#2 /Users/Qmore/webroot/yii1/framework/web/widgets/CContentDecorator.php(54): CContentDecorator->decorate()
#3 /Users/Qmore/webroot/yii1/framework/web/widgets/COutputProcessor.php(44): CContentDecorator->processOutput()
#4 /Users/Qmore/webroot/yii1/framework/web/CBaseController.php(214): CContentDecorator->run()
#5 /Users/Qmore/webroot/yii1/framework/web/CBaseController.php(308): SiteController->endWidget()
#6 /Users/Qmore/webroot/yii1/fzjxc/protected/views/layouts/column1.php(6): SiteController->endContent()
#7 /Users/Qmore/webroot/yii1/framework/web/CBaseController.php(126): require()
#8 /Users/Qmore/webroot/yii1/framework/web/CBaseController.php(95): SiteController->renderInternal()
#9 /Users/Qmore/webroot/yii1/framework/web/CController.php(784): SiteController->renderFile()
#10 /Users/Qmore/webroot/yii1/fzjxc/protected/controllers/SiteController.php(32): SiteController->render()
#11 /Users/Qmore/webroot/yii1/framework/web/actions/CInlineAction.php(49): SiteController->actionIndex()
#12 /Users/Qmore/webroot/yii1/framework/web/CController.php(308): CInlineAction->runWithParams()
#13 /Users/Qmore/webroot/yii1/framework/web/CController.php(286): SiteController->runAction()
#14 /Users/Qmore/webroot/yii1/framework/web/CController.php(265): SiteController->runActionWithFilters()
#15 /Users/Qmore/webroot/yii1/framework/web/CWebApplication.php(282): SiteController->run()
#16 /Users/Qmore/webroot/yii1/framework/web/CWebApplication.php(141): CWebApplication->runController()
#17 /Users/Qmore/webroot/yii1/framework/base/CApplication.php(184): CWebApplication->processRequest()
#18 /Users/Qmore/webroot/yii1/fzjxc/index.php(13): CWebApplication->run()
REQUEST_URI=/yii1/fzjxc/index.php?r=site/index
in /Users/Qmore/webroot/yii1/fzjxc/protected/views/layouts/main.php (51)
in /Users/Qmore/webroot/yii1/fzjxc/protected/views/layouts/column1.php (6)
in /Users/Qmore/webroot/yii1/fzjxc/protected/controllers/SiteController.php (32)
2015/05/12 16:16:49 [error] [exception.CDbException] exception 'CDbException' with message 'CDbConnection failed to open the DB connection: SQLSTATE[HY000] [1049] Unknown database 'yii1base'' in /Users/Qmore/webroot/yii1/framework/db/CDbConnection.php:399
Stack trace:
#0 /Users/Qmore/webroot/yii1/framework/db/CDbConnection.php(347): CDbConnection->open()
#1 /Users/Qmore/webroot/yii1/framework/db/CDbConnection.php(325): CDbConnection->setActive(true)
#2 /Users/Qmore/webroot/yii1/framework/base/CModule.php(394): CDbConnection->init()
#3 /Users/Qmore/webroot/yii1/framework/base/CModule.php(103): CModule->getComponent('db')
#4 /Users/Qmore/webroot/yii1/framework/gii/generators/model/ModelCode.php(60): CModule->__get('db')
#5 /Users/Qmore/webroot/yii1/framework/web/CFormModel.php(39): ModelCode->init()
#6 /Users/Qmore/webroot/yii1/framework/gii/CCodeGenerator.php(153): CFormModel->__construct()
#7 /Users/Qmore/webroot/yii1/framework/gii/CCodeGenerator.php(63): CCodeGenerator->prepare()
#8 /Users/Qmore/webroot/yii1/framework/web/actions/CInlineAction.php(49): CCodeGenerator->actionIndex()
#9 /Users/Qmore/webroot/yii1/framework/web/CController.php(308): CInlineAction->runWithParams(Array)
#10 /Users/Qmore/webroot/yii1/framework/web/CController.php(286): CController->runAction(Object(CInlineAction))
#11 /Users/Qmore/webroot/yii1/framework/web/CController.php(265): CController->runActionWithFilters(Object(CInlineAction), Array)
#12 /Users/Qmore/webroot/yii1/framework/web/CWebApplication.php(282): CController->run('index')
#13 /Users/Qmore/webroot/yii1/framework/web/CWebApplication.php(141): CWebApplication->runController('gii/model/index')
#14 /Users/Qmore/webroot/yii1/framework/base/CApplication.php(184): CWebApplication->processRequest()
#15 /Users/Qmore/webroot/yii1/fzjxc/index.php(13): CApplication->run()
#16 {main}
REQUEST_URI=/yii1/fzjxc/index.php?r=gii/model/index
HTTP_REFERER=http://localhost/yii1/fzjxc/index.php?r=gii/
---
2015/05/12 16:16:55 [error] [exception.CDbException] exception 'CDbException' with message 'CDbConnection failed to open the DB connection: SQLSTATE[HY000] [1049] Unknown database 'yii1base'' in /Users/Qmore/webroot/yii1/framework/db/CDbConnection.php:399
Stack trace:
#0 /Users/Qmore/webroot/yii1/framework/db/CDbConnection.php(347): CDbConnection->open()
#1 /Users/Qmore/webroot/yii1/framework/db/CDbConnection.php(325): CDbConnection->setActive(true)
#2 /Users/Qmore/webroot/yii1/framework/base/CModule.php(394): CDbConnection->init()
#3 /Users/Qmore/webroot/yii1/framework/base/CModule.php(103): CModule->getComponent('db')
#4 /Users/Qmore/webroot/yii1/framework/gii/generators/model/ModelCode.php(60): CModule->__get('db')
#5 /Users/Qmore/webroot/yii1/framework/web/CFormModel.php(39): ModelCode->init()
#6 /Users/Qmore/webroot/yii1/framework/gii/CCodeGenerator.php(153): CFormModel->__construct()
#7 /Users/Qmore/webroot/yii1/framework/gii/CCodeGenerator.php(63): CCodeGenerator->prepare()
#8 /Users/Qmore/webroot/yii1/framework/web/actions/CInlineAction.php(49): CCodeGenerator->actionIndex()
#9 /Users/Qmore/webroot/yii1/framework/web/CController.php(308): CInlineAction->runWithParams(Array)
#10 /Users/Qmore/webroot/yii1/framework/web/CController.php(286): CController->runAction(Object(CInlineAction))
#11 /Users/Qmore/webroot/yii1/framework/web/CController.php(265): CController->runActionWithFilters(Object(CInlineAction), Array)
#12 /Users/Qmore/webroot/yii1/framework/web/CWebApplication.php(282): CController->run('index')
#13 /Users/Qmore/webroot/yii1/framework/web/CWebApplication.php(141): CWebApplication->runController('gii/model/index')
#14 /Users/Qmore/webroot/yii1/framework/base/CApplication.php(184): CWebApplication->processRequest()
#15 /Users/Qmore/webroot/yii1/fzjxc/index.php(13): CApplication->run()
#16 {main}
REQUEST_URI=/yii1/fzjxc/index.php?r=gii/model/index
HTTP_REFERER=http://localhost/yii1/fzjxc/index.php?r=gii/
---
2015/05/13 14:04:51 [error] [exception.CException] exception 'CException' with message 'CAssetManager.basePath "/Users/Qmore/webroot/yii1/assets" is invalid. Please make sure the directory exists and is writable by the Web server process.' in /Users/Qmore/webroot/yii1/framework/web/CAssetManager.php:138
Stack trace:
#0 /Users/Qmore/webroot/yii1/framework/web/CAssetManager.php(123): CAssetManager->setBasePath('/Users/Qmore/we...')
#1 /Users/Qmore/webroot/yii1/framework/web/CAssetManager.php(217): CAssetManager->getBasePath()
#2 /Users/Qmore/webroot/yii1/framework/web/CClientScript.php(511): CAssetManager->publish('/Users/Qmore/we...')
#3 /Users/Qmore/webroot/yii1/framework/web/CClientScript.php(548): CClientScript->getCoreScriptUrl()
#4 /Users/Qmore/webroot/yii1/framework/web/CClientScript.php(349): CClientScript->getPackageBaseUrl('jquery')
#5 /Users/Qmore/webroot/yii1/framework/web/CClientScript.php(208): CClientScript->renderCoreScripts()
#6 /Users/Qmore/webroot/yii1/framework/web/CController.php(351): CClientScript->render('<!DOCTYPE html>...')
#7 /Users/Qmore/webroot/yii1/framework/web/CController.php(788): CController->processOutput('<!DOCTYPE html>...')
#8 /Users/Qmore/webroot/yii1/fzjxc/protected/controllers/SiteController.php(72): CController->render('contact', Array)
#9 /Users/Qmore/webroot/yii1/framework/web/actions/CInlineAction.php(49): SiteController->actionContact()
#10 /Users/Qmore/webroot/yii1/framework/web/CController.php(308): CInlineAction->runWithParams(Array)
#11 /Users/Qmore/webroot/yii1/framework/web/CController.php(286): CController->runAction(Object(CInlineAction))
#12 /Users/Qmore/webroot/yii1/framework/web/CController.php(265): CController->runActionWithFilters(Object(CInlineAction), Array)
#13 /Users/Qmore/webroot/yii1/framework/web/CWebApplication.php(282): CController->run('contact')
#14 /Users/Qmore/webroot/yii1/framework/web/CWebApplication.php(141): CWebApplication->runController('site/contact')
#15 /Users/Qmore/webroot/yii1/framework/base/CApplication.php(184): CWebApplication->processRequest()
#16 /Users/Qmore/webroot/yii1/fzjxc/index.php(13): CApplication->run()
#17 /Users/Qmore/webroot/yii1/index.php(2): require_once('/Users/Qmore/we...')
#18 {main}
REQUEST_URI=/yii1/index.php?r=site/contact
HTTP_REFERER=http://localhost/yii1/index.php?r=site/index
---
2015/05/13 14:31:57 [error] [exception.CException] exception 'CException' with message 'CAssetManager.basePath "/Users/Qmore/webroot/yii1/assets" is invalid. Please make sure the directory exists and is writable by the Web server process.' in /Users/Qmore/webroot/yii1/framework/web/CAssetManager.php:138
Stack trace:
#0 /Users/Qmore/webroot/yii1/framework/web/CAssetManager.php(123): CAssetManager->setBasePath('/Users/Qmore/we...')
#1 /Users/Qmore/webroot/yii1/framework/web/CAssetManager.php(217): CAssetManager->getBasePath()
#2 /Users/Qmore/webroot/yii1/framework/web/CClientScript.php(511): CAssetManager->publish('/Users/Qmore/we...')
#3 /Users/Qmore/webroot/yii1/framework/web/CClientScript.php(548): CClientScript->getCoreScriptUrl()
#4 /Users/Qmore/webroot/yii1/framework/web/CClientScript.php(349): CClientScript->getPackageBaseUrl('jquery')
#5 /Users/Qmore/webroot/yii1/framework/web/CClientScript.php(208): CClientScript->renderCoreScripts()
#6 /Users/Qmore/webroot/yii1/framework/web/CController.php(351): CClientScript->render('<!DOCTYPE html>...')
#7 /Users/Qmore/webroot/yii1/framework/web/CController.php(788): CController->processOutput('<!DOCTYPE html>...')
#8 /Users/Qmore/webroot/yii1/fzjxc/protected/controllers/SiteController.php(72): CController->render('contact', Array)
#9 /Users/Qmore/webroot/yii1/framework/web/actions/CInlineAction.php(49): SiteController->actionContact()
#10 /Users/Qmore/webroot/yii1/framework/web/CController.php(308): CInlineAction->runWithParams(Array)
#11 /Users/Qmore/webroot/yii1/framework/web/CController.php(286): CController->runAction(Object(CInlineAction))
#12 /Users/Qmore/webroot/yii1/framework/web/CController.php(265): CController->runActionWithFilters(Object(CInlineAction), Array)
#13 /Users/Qmore/webroot/yii1/framework/web/CWebApplication.php(282): CController->run('contact')
#14 /Users/Qmore/webroot/yii1/framework/web/CWebApplication.php(141): CWebApplication->runController('site/contact')
#15 /Users/Qmore/webroot/yii1/framework/base/CApplication.php(184): CWebApplication->processRequest()
#16 /Users/Qmore/webroot/yii1/fzjxc/index.php(13): CApplication->run()
#17 /Users/Qmore/webroot/yii1/index.php(3): require_once('/Users/Qmore/we...')
#18 {main}
REQUEST_URI=/yii1/index.php?r=site/contact
HTTP_REFERER=http://localhost/yii1/index.php?r=site/page&view=about
---
2015/05/13 14:34:53 [error] [exception.CException] exception 'CException' with message 'CAssetManager.basePath "/Users/Qmore/webroot/yii1/assets" is invalid. Please make sure the directory exists and is writable by the Web server process.' in /Users/Qmore/webroot/yii1/framework/web/CAssetManager.php:138
Stack trace:
#0 /Users/Qmore/webroot/yii1/framework/web/CAssetManager.php(123): CAssetManager->setBasePath('/Users/Qmore/we...')
#1 /Users/Qmore/webroot/yii1/framework/web/CAssetManager.php(217): CAssetManager->getBasePath()
#2 /Users/Qmore/webroot/yii1/framework/web/CClientScript.php(511): CAssetManager->publish('/Users/Qmore/we...')
#3 /Users/Qmore/webroot/yii1/framework/web/CClientScript.php(548): CClientScript->getCoreScriptUrl()
#4 /Users/Qmore/webroot/yii1/framework/web/CClientScript.php(349): CClientScript->getPackageBaseUrl('jquery')
#5 /Users/Qmore/webroot/yii1/framework/web/CClientScript.php(208): CClientScript->renderCoreScripts()
#6 /Users/Qmore/webroot/yii1/framework/web/CController.php(351): CClientScript->render('<!DOCTYPE html>...')
#7 /Users/Qmore/webroot/yii1/framework/web/CController.php(788): CController->processOutput('<!DOCTYPE html>...')
#8 /Users/Qmore/webroot/yii1/fzjxc/protected/controllers/SiteController.php(72): CController->render('contact', Array)
#9 /Users/Qmore/webroot/yii1/framework/web/actions/CInlineAction.php(49): SiteController->actionContact()
#10 /Users/Qmore/webroot/yii1/framework/web/CController.php(308): CInlineAction->runWithParams(Array)
#11 /Users/Qmore/webroot/yii1/framework/web/CController.php(286): CController->runAction(Object(CInlineAction))
#12 /Users/Qmore/webroot/yii1/framework/web/CController.php(265): CController->runActionWithFilters(Object(CInlineAction), Array)
#13 /Users/Qmore/webroot/yii1/framework/web/CWebApplication.php(282): CController->run('contact')
#14 /Users/Qmore/webroot/yii1/framework/web/CWebApplication.php(141): CWebApplication->runController('site/contact')
#15 /Users/Qmore/webroot/yii1/framework/base/CApplication.php(184): CWebApplication->processRequest()
#16 /Users/Qmore/webroot/yii1/fzjxc/index.php(13): CApplication->run()
#17 /Users/Qmore/webroot/yii1/index.php(3): require_once('/Users/Qmore/we...')
#18 {main}
REQUEST_URI=/yii1/index.php?r=site/contact
HTTP_REFERER=http://localhost/yii1/index.php?r=site/page&view=about
---
2015/05/13 14:34:54 [error] [exception.CException] exception 'CException' with message 'CAssetManager.basePath "/Users/Qmore/webroot/yii1/assets" is invalid. Please make sure the directory exists and is writable by the Web server process.' in /Users/Qmore/webroot/yii1/framework/web/CAssetManager.php:138
Stack trace:
#0 /Users/Qmore/webroot/yii1/framework/web/CAssetManager.php(123): CAssetManager->setBasePath('/Users/Qmore/we...')
#1 /Users/Qmore/webroot/yii1/framework/web/CAssetManager.php(217): CAssetManager->getBasePath()
#2 /Users/Qmore/webroot/yii1/framework/web/CClientScript.php(511): CAssetManager->publish('/Users/Qmore/we...')
#3 /Users/Qmore/webroot/yii1/framework/web/CClientScript.php(548): CClientScript->getCoreScriptUrl()
#4 /Users/Qmore/webroot/yii1/framework/web/CClientScript.php(349): CClientScript->getPackageBaseUrl('jquery')
#5 /Users/Qmore/webroot/yii1/framework/web/CClientScript.php(208): CClientScript->renderCoreScripts()
#6 /Users/Qmore/webroot/yii1/framework/web/CController.php(351): CClientScript->render('<!DOCTYPE html>...')
#7 /Users/Qmore/webroot/yii1/framework/web/CController.php(788): CController->processOutput('<!DOCTYPE html>...')
#8 /Users/Qmore/webroot/yii1/fzjxc/protected/controllers/SiteController.php(72): CController->render('contact', Array)
#9 /Users/Qmore/webroot/yii1/framework/web/actions/CInlineAction.php(49): SiteController->actionContact()
#10 /Users/Qmore/webroot/yii1/framework/web/CController.php(308): CInlineAction->runWithParams(Array)
#11 /Users/Qmore/webroot/yii1/framework/web/CController.php(286): CController->runAction(Object(CInlineAction))
#12 /Users/Qmore/webroot/yii1/framework/web/CController.php(265): CController->runActionWithFilters(Object(CInlineAction), Array)
#13 /Users/Qmore/webroot/yii1/framework/web/CWebApplication.php(282): CController->run('contact')
#14 /Users/Qmore/webroot/yii1/framework/web/CWebApplication.php(141): CWebApplication->runController('site/contact')
#15 /Users/Qmore/webroot/yii1/framework/base/CApplication.php(184): CWebApplication->processRequest()
#16 /Users/Qmore/webroot/yii1/fzjxc/index.php(13): CApplication->run()
#17 /Users/Qmore/webroot/yii1/index.php(3): require_once('/Users/Qmore/we...')
#18 {main}
REQUEST_URI=/yii1/index.php?r=site/contact
HTTP_REFERER=http://localhost/yii1/index.php?r=site/page&view=about
---
2015/05/13 14:35:11 [error] [php] Object of class CHttpRequest could not be converted to string (/Users/Qmore/webroot/yii1/fzjxc/protected/views/layouts/main.php:9)
Stack trace:
#0 /Users/Qmore/webroot/yii1/framework/web/widgets/CContentDecorator.php(76): SiteController->renderFile()
#1 /Users/Qmore/webroot/yii1/framework/web/widgets/CContentDecorator.php(54): CContentDecorator->decorate()
#2 /Users/Qmore/webroot/yii1/framework/web/widgets/COutputProcessor.php(44): CContentDecorator->processOutput()
#3 /Users/Qmore/webroot/yii1/framework/web/CBaseController.php(214): CContentDecorator->run()
#4 /Users/Qmore/webroot/yii1/framework/web/CBaseController.php(308): SiteController->endWidget()
#5 /Users/Qmore/webroot/yii1/fzjxc/protected/views/layouts/column1.php(6): SiteController->endContent()
#6 /Users/Qmore/webroot/yii1/framework/web/CBaseController.php(126): require()
#7 /Users/Qmore/webroot/yii1/framework/web/CBaseController.php(95): SiteController->renderInternal()
#8 /Users/Qmore/webroot/yii1/framework/web/CController.php(784): SiteController->renderFile()
#9 /Users/Qmore/webroot/yii1/framework/web/actions/CViewAction.php(140): SiteController->render()
#10 /Users/Qmore/webroot/yii1/framework/web/actions/CAction.php(76): CViewAction->run()
#11 /Users/Qmore/webroot/yii1/framework/web/CController.php(308): CViewAction->runWithParams()
#12 /Users/Qmore/webroot/yii1/framework/web/CController.php(286): SiteController->runAction()
#13 /Users/Qmore/webroot/yii1/framework/web/CController.php(265): SiteController->runActionWithFilters()
#14 /Users/Qmore/webroot/yii1/framework/web/CWebApplication.php(282): SiteController->run()
#15 /Users/Qmore/webroot/yii1/framework/web/CWebApplication.php(141): CWebApplication->runController()
#16 /Users/Qmore/webroot/yii1/framework/base/CApplication.php(184): CWebApplication->processRequest()
#17 /Users/Qmore/webroot/yii1/fzjxc/index.php(13): CWebApplication->run()
#18 /Users/Qmore/webroot/yii1/index.php(3): require_once()
REQUEST_URI=/yii1/index.php?r=site/page&view=about
in /Users/Qmore/webroot/yii1/fzjxc/protected/views/layouts/main.php (9)
in /Users/Qmore/webroot/yii1/fzjxc/protected/views/layouts/column1.php (6)
in /Users/Qmore/webroot/yii1/fzjxc/index.php (13)
2015/05/13 14:36:09 [error] [exception.CException] exception 'CException' with message 'CAssetManager.basePath "/Users/Qmore/webroot/yii1/assets" is invalid. Please make sure the directory exists and is writable by the Web server process.' in /Users/Qmore/webroot/yii1/framework/web/CAssetManager.php:138
Stack trace:
#0 /Users/Qmore/webroot/yii1/framework/web/CAssetManager.php(123): CAssetManager->setBasePath('/Users/Qmore/we...')
#1 /Users/Qmore/webroot/yii1/framework/web/CAssetManager.php(217): CAssetManager->getBasePath()
#2 /Users/Qmore/webroot/yii1/framework/web/CClientScript.php(511): CAssetManager->publish('/Users/Qmore/we...')
#3 /Users/Qmore/webroot/yii1/framework/web/CClientScript.php(548): CClientScript->getCoreScriptUrl()
#4 /Users/Qmore/webroot/yii1/framework/web/CClientScript.php(349): CClientScript->getPackageBaseUrl('jquery')
#5 /Users/Qmore/webroot/yii1/framework/web/CClientScript.php(208): CClientScript->renderCoreScripts()
#6 /Users/Qmore/webroot/yii1/framework/web/CController.php(351): CClientScript->render('<!DOCTYPE html>...')
#7 /Users/Qmore/webroot/yii1/framework/web/CController.php(788): CController->processOutput('<!DOCTYPE html>...')
#8 /Users/Qmore/webroot/yii1/fzjxc/protected/controllers/SiteController.php(72): CController->render('contact', Array)
#9 /Users/Qmore/webroot/yii1/framework/web/actions/CInlineAction.php(49): SiteController->actionContact()
#10 /Users/Qmore/webroot/yii1/framework/web/CController.php(308): CInlineAction->runWithParams(Array)
#11 /Users/Qmore/webroot/yii1/framework/web/CController.php(286): CController->runAction(Object(CInlineAction))
#12 /Users/Qmore/webroot/yii1/framework/web/CController.php(265): CController->runActionWithFilters(Object(CInlineAction), Array)
#13 /Users/Qmore/webroot/yii1/framework/web/CWebApplication.php(282): CController->run('contact')
#14 /Users/Qmore/webroot/yii1/framework/web/CWebApplication.php(141): CWebApplication->runController('site/contact')
#15 /Users/Qmore/webroot/yii1/framework/base/CApplication.php(184): CWebApplication->processRequest()
#16 /Users/Qmore/webroot/yii1/fzjxc/index.php(13): CApplication->run()
#17 /Users/Qmore/webroot/yii1/index.php(3): require_once('/Users/Qmore/we...')
#18 {main}
REQUEST_URI=/yii1/index.php?r=site/contact
HTTP_REFERER=http://localhost/yii1/index.php?r=site/page&view=about
---
